npm WARN ERESOLVE overriding peer dependency
npm WARN While resolving: react-inspector@5.1.1
npm WARN Found: react@18.2.0
npm WARN node_modules/react
npm WARN   peer react@">=16" from @mdx-js/react@2.3.0
npm WARN   node_modules/@mdx-js/react
npm WARN     @mdx-js/react@"^2.1.5" from the root project
npm WARN   41 more (@storybook/addon-actions, ...)
npm WARN 
npm WARN Could not resolve dependency:
npm WARN peer react@"^16.8.4 || ^17.0.0" from react-inspector@5.1.1
npm WARN node_modules/@storybook/addon-actions/node_modules/react-inspector
npm WARN   react-inspector@"^5.1.0" from @storybook/addon-actions@6.5.16
npm WARN   node_modules/@storybook/addon-actions
npm WARN 
npm WARN Conflicting peer dependency: react@17.0.2
npm WARN node_modules/react
npm WARN   peer react@"^16.8.4 || ^17.0.0" from react-inspector@5.1.1
npm WARN   node_modules/@storybook/addon-actions/node_modules/react-inspector
npm WARN     react-inspector@"^5.1.0" from @storybook/addon-actions@6.5.16
npm WARN     node_modules/@storybook/addon-actions
npm WARN ERESOLVE overriding peer dependency
npm WARN While resolving: @mdx-js/react@1.6.22
npm WARN Found: react@18.2.0
npm WARN node_modules/react
npm WARN   peer react@">=16" from @mdx-js/react@2.3.0
npm WARN   node_modules/@mdx-js/react
npm WARN     @mdx-js/react@"^2.1.5" from the root project
npm WARN   41 more (@storybook/addon-actions, ...)
npm WARN 
npm WARN Could not resolve dependency:
npm WARN peer react@"^16.13.1 || ^17.0.0" from @mdx-js/react@1.6.22
npm WARN node_modules/@storybook/addon-docs/node_modules/@mdx-js/react
npm WARN   @mdx-js/react@"^1.6.22" from @storybook/addon-docs@6.5.16
npm WARN   node_modules/@storybook/addon-docs
npm WARN 
npm WARN Conflicting peer dependency: react@17.0.2
npm WARN node_modules/react
npm WARN   peer react@"^16.13.1 || ^17.0.0" from @mdx-js/react@1.6.22
npm WARN   node_modules/@storybook/addon-docs/node_modules/@mdx-js/react
npm WARN     @mdx-js/react@"^1.6.22" from @storybook/addon-docs@6.5.16
npm WARN     node_modules/@storybook/addon-docs
npm WARN ERESOLVE overriding peer dependency
npm WARN While resolving: react-test-renderer@17.0.2
npm WARN Found: react@18.2.0
npm WARN node_modules/react
npm WARN   peer react@">=16" from @mdx-js/react@2.3.0
npm WARN   node_modules/@mdx-js/react
npm WARN     @mdx-js/react@"^2.1.5" from the root project
npm WARN   41 more (@storybook/addon-actions, ...)
npm WARN 
npm WARN Could not resolve dependency:
npm WARN peer react@"17.0.2" from react-test-renderer@17.0.2
npm WARN node_modules/@storybook/addon-storyshots/node_modules/react-test-renderer
npm WARN   react-test-renderer@"^16.8.0 || ^17.0.0" from @storybook/addon-storyshots@6.5.16
npm WARN   node_modules/@storybook/addon-storyshots
npm WARN 
npm WARN Conflicting peer dependency: react@17.0.2
npm WARN node_modules/react
npm WARN   peer react@"17.0.2" from react-test-renderer@17.0.2
npm WARN   node_modules/@storybook/addon-storyshots/node_modules/react-test-renderer
npm WARN     react-test-renderer@"^16.8.0 || ^17.0.0" from @storybook/addon-storyshots@6.5.16
npm WARN     node_modules/@storybook/addon-storyshots
npm WARN ERESOLVE overriding peer dependency
npm WARN While resolving: react-element-to-jsx-string@14.3.4
npm WARN Found: react@18.2.0
npm WARN node_modules/react
npm WARN   peer react@">=16" from @mdx-js/react@2.3.0
npm WARN   node_modules/@mdx-js/react
npm WARN     @mdx-js/react@"^2.1.5" from the root project
npm WARN   41 more (@storybook/addon-actions, ...)
npm WARN 
npm WARN Could not resolve dependency:
npm WARN peer react@"^0.14.8 || ^15.0.1 || ^16.0.0 || ^17.0.1" from react-element-to-jsx-string@14.3.4
npm WARN node_modules/@storybook/react/node_modules/react-element-to-jsx-string
npm WARN   react-element-to-jsx-string@"^14.3.4" from @storybook/react@6.5.16
npm WARN   node_modules/@storybook/react
npm WARN 
npm WARN Conflicting peer dependency: react@17.0.2
npm WARN node_modules/react
npm WARN   peer react@"^0.14.8 || ^15.0.1 || ^16.0.0 || ^17.0.1" from react-element-to-jsx-string@14.3.4
npm WARN   node_modules/@storybook/react/node_modules/react-element-to-jsx-string
npm WARN     react-element-to-jsx-string@"^14.3.4" from @storybook/react@6.5.16
npm WARN     node_modules/@storybook/react
npm WARN ERESOLVE overriding peer dependency
npm WARN While resolving: react-element-to-jsx-string@14.3.4
npm WARN Found: react-dom@18.2.0
npm WARN node_modules/react-dom
npm WARN   peerOptional react-dom@"^16.8.0 || ^17.0.0 || ^18.0.0" from @storybook/addon-actions@6.5.16
npm WARN   node_modules/@storybook/addon-actions
npm WARN     @storybook/addon-actions@"6.5.16" from @storybook/addon-essentials@6.5.16
npm WARN     node_modules/@storybook/addon-essentials
npm WARN   31 more (@storybook/addon-backgrounds, ...)
npm WARN 
npm WARN Could not resolve dependency:
npm WARN peer react-dom@"^0.14.8 || ^15.0.1 || ^16.0.0 || ^17.0.1" from react-element-to-jsx-string@14.3.4
npm WARN node_modules/@storybook/react/node_modules/react-element-to-jsx-string
npm WARN   react-element-to-jsx-string@"^14.3.4" from @storybook/react@6.5.16
npm WARN   node_modules/@storybook/react
npm WARN 
npm WARN Conflicting peer dependency: react-dom@17.0.2
npm WARN node_modules/react-dom
npm WARN   peer react-dom@"^0.14.8 || ^15.0.1 || ^16.0.0 || ^17.0.1" from react-element-to-jsx-string@14.3.4
npm WARN   node_modules/@storybook/react/node_modules/react-element-to-jsx-string
npm WARN     react-element-to-jsx-string@"^14.3.4" from @storybook/react@6.5.16
npm WARN     node_modules/@storybook/react
npm ERR! code ETARGET
npm ERR! notarget No matching version found for @storybook/addon-mdx-gfm@^6.5.16.
npm ERR! notarget In most cases you or one of your dependencies are requesting
npm ERR! notarget a package version that doesn't exist.

npm ERR! A complete log of this run can be found in:
npm ERR!     /Users/mehran-ev/.npm/_logs/2025-03-10T11_01_07_286Z-debug-0.log
